<?xml version="1.0" encoding="UTF-8"?>
<!-- Generated by org.testng.reporters.JUnitReportReporter -->
<testsuite hostname="DESKTOP-I96GQ4S" name="mydemo.TestNGDemo2" tests="2" failures="0" timestamp="6 Sep 2018 14:52:52 GMT" time="0.005" errors="0">
  <testcase name="arithmaticTest1" time="0.005" classname="mydemo.TestNGDemo2"/>
  <testcase name="arithmaticTest2" time="0.000" classname="mydemo.TestNGDemo2"/>
</testsuite> <!-- mydemo.TestNGDemo2 -->
